<?xml version="1.0" encoding="UTF-8"?>
<!-- Generated by org.testng.reporters.JUnitReportReporter -->
<testsuite hostname="ORTTXN0813" failures="0" tests="2" name="PsslaiMerchantV3.Tests.SettingTest" time="13.560" errors="0" timestamp="2025-09-17T14:35:19 SGT" skipped="0">
  <testcase classname="PsslaiMerchantV3.Tests.SettingTest" name="viewMyAccount" time="7.050"/>
  <testcase classname="PsslaiMerchantV3.Tests.SettingTest" name="viewMerchantDetails" time="6.510"/>
</testsuite> <!-- PsslaiMerchantV3.Tests.SettingTest -->
