<?xml version="1.0" encoding="UTF-8"?>
<!-- Generated by org.testng.reporters.JUnitReportReporter -->
<testsuite hostname="ORTTXN0813" failures="0" tests="2" name="PsslaiMerchantV3.Tests.MemberTest" time="10.267" errors="0" timestamp="2025-08-19T15:26:49 SGT" skipped="0">
  <testcase classname="PsslaiMerchantV3.Tests.MemberTest" name="viewMemberList" time="4.734"/>
  <testcase classname="PsslaiMerchantV3.Tests.MemberTest" name="downloadMemberList" time="5.533"/>
</testsuite> <!-- PsslaiMerchantV3.Tests.MemberTest -->
