<?xml version="1.0" encoding="UTF-8"?>
<!-- Generated by org.testng.reporters.JUnitReportReporter -->
<testsuite hostname="ORTTXN0813" failures="0" tests="3" name="PsslaiMerchantV3.Tests.DepositTest" time="19.627" errors="0" timestamp="2025-08-19T15:26:49 SGT" skipped="0">
  <testcase classname="PsslaiMerchantV3.Tests.DepositTest" name="manualDeposit" time="6.493"/>
  <testcase classname="PsslaiMerchantV3.Tests.DepositTest" name="verifyManualDepositTransaction" time="4.628"/>
  <testcase classname="PsslaiMerchantV3.Tests.DepositTest" name="onlineDeposit" time="8.506"/>
</testsuite> <!-- PsslaiMerchantV3.Tests.DepositTest -->
