<?xml version="1.0" encoding="UTF-8"?>
<!-- Generated by org.testng.reporters.JUnitReportReporter -->
<testsuite hostname="ORTTXN0813" failures="0" tests="3" name="PsslaiMerchantV3.Tests.DepositTest" time="25.561" errors="0" timestamp="2025-08-20T14:44:27 SGT" skipped="0">
  <testcase classname="PsslaiMerchantV3.Tests.DepositTest" name="manualDeposit" time="7.974"/>
  <testcase classname="PsslaiMerchantV3.Tests.DepositTest" name="verifyManualDepositTransaction" time="6.918"/>
  <testcase classname="PsslaiMerchantV3.Tests.DepositTest" name="onlineDeposit" time="10.669"/>
</testsuite> <!-- PsslaiMerchantV3.Tests.DepositTest -->
