<?xml version="1.0" encoding="UTF-8"?>
<!-- Generated by org.testng.reporters.JUnitReportReporter -->
<testsuite hostname="ORTTXN0813" failures="0" tests="4" name="PsslaiMerchantV3.Tests.WithdrawalTest" time="32.134" errors="0" timestamp="2025-08-20T14:44:27 SGT" skipped="0">
  <testcase classname="PsslaiMerchantV3.Tests.WithdrawalTest" name="withdrawalInstapay" time="7.947"/>
  <testcase classname="PsslaiMerchantV3.Tests.WithdrawalTest" name="withdrawalPesonet" time="8.370"/>
  <testcase classname="PsslaiMerchantV3.Tests.WithdrawalTest" name="withdrawalPesonetLinkedAccounts" time="7.853"/>
  <testcase classname="PsslaiMerchantV3.Tests.WithdrawalTest" name="withdrawalInstapayLinkedAccounts" time="7.964"/>
</testsuite> <!-- PsslaiMerchantV3.Tests.WithdrawalTest -->
