<?xml version="1.0" encoding="UTF-8"?>
<!-- Generated by org.testng.reporters.JUnitReportReporter -->
<testsuite hostname="ORTTXN0813" failures="0" tests="2" name="PsslaiMerchantV3.Tests.MemberTest" time="13.812" errors="0" timestamp="2025-08-18T15:47:39 SGT" skipped="0">
  <testcase classname="PsslaiMerchantV3.Tests.MemberTest" name="viewMemberList" time="6.294"/>
  <testcase classname="PsslaiMerchantV3.Tests.MemberTest" name="downloadMemberList" time="7.518"/>
</testsuite> <!-- PsslaiMerchantV3.Tests.MemberTest -->
