<?xml version="1.0" encoding="UTF-8"?>
<!-- Generated by org.testng.reporters.JUnitReportReporter -->
<testsuite hostname="ORTTXN0813" failures="0" tests="1" name="PsslaiMerchantV3.Tests.DepositTest" time="7.661" errors="0" timestamp="2025-08-12T08:38:41 SGT" skipped="0">
  <testcase classname="PsslaiMerchantV3.Tests.DepositTest" name="manualDeposit" time="7.661"/>
</testsuite> <!-- PsslaiMerchantV3.Tests.DepositTest -->
