<?xml version="1.0" encoding="UTF-8"?>
<!-- Generated by org.testng.reporters.JUnitReportReporter -->
<testsuite hostname="ORTTXN0813" failures="0" tests="2" name="PsslaiMerchantV3.Tests.MemberTest" time="13.297" errors="0" timestamp="2025-08-28T15:00:38 SGT" skipped="0">
  <testcase classname="PsslaiMerchantV3.Tests.MemberTest" name="downloadMemberList" time="5.156"/>
  <testcase classname="PsslaiMerchantV3.Tests.MemberTest" name="viewMemberList" time="8.141"/>
</testsuite> <!-- PsslaiMerchantV3.Tests.MemberTest -->
