<?xml version="1.0" encoding="UTF-8"?>
<!-- Generated by org.testng.reporters.JUnitReportReporter -->
<testsuite hostname="ORTTXN0813" failures="0" tests="4" name="PsslaiMerchantV3.Tests.WithdrawalTest" time="30.924" errors="0" timestamp="2025-09-16T15:49:56 SGT" skipped="0">
  <testcase classname="PsslaiMerchantV3.Tests.WithdrawalTest" name="withdrawalPesonet" time="8.024"/>
  <testcase classname="PsslaiMerchantV3.Tests.WithdrawalTest" name="withdrawalPesonetLinkedAccounts" time="9.389"/>
  <testcase classname="PsslaiMerchantV3.Tests.WithdrawalTest" name="withdrawalInstapay" time="6.419"/>
  <testcase classname="PsslaiMerchantV3.Tests.WithdrawalTest" name="withdrawalInstapayLinkedAccounts" time="7.092"/>
</testsuite> <!-- PsslaiMerchantV3.Tests.WithdrawalTest -->
