<?xml version="1.0" encoding="UTF-8"?>
<!-- Generated by org.testng.reporters.JUnitReportReporter -->
<testsuite hostname="ORTTXN0813" failures="0" tests="1" name="PsslaiMerchantV3.Tests.DisbursementTest" time="13.263" errors="0" timestamp="2025-08-20T14:44:27 SGT" skipped="0">
  <testcase classname="PsslaiMerchantV3.Tests.DisbursementTest" name="bulkDisbursementTransaction" time="13.263"/>
</testsuite> <!-- PsslaiMerchantV3.Tests.DisbursementTest -->
