<?xml version="1.0" encoding="UTF-8"?>
<!-- Generated by org.testng.reporters.JUnitReportReporter -->
<testsuite hostname="ORTTXN0813" failures="0" tests="4" name="PsslaiMerchantV3.Tests.LoginTest" time="17.870" errors="0" timestamp="2025-09-17T14:35:19 SGT" skipped="0">
  <testcase classname="PsslaiMerchantV3.Tests.LoginTest" name="loginwithInvalidCreds" time="2.531"/>
  <testcase classname="PsslaiMerchantV3.Tests.LoginTest" name="loginValidCreds" time="10.107"/>
  <testcase classname="PsslaiMerchantV3.Tests.LoginTest" name="loginwithInvalidPassword" time="2.921"/>
  <testcase classname="PsslaiMerchantV3.Tests.LoginTest" name="loginwithoutcredencials" time="2.311"/>
</testsuite> <!-- PsslaiMerchantV3.Tests.LoginTest -->
