<?xml version="1.0" encoding="UTF-8"?>
<!-- Generated by org.testng.reporters.JUnitReportReporter -->
<testsuite hostname="ORTTXN0813" failures="0" tests="1" name="PsslaiMerchantV3.Tests.LoginTest" time="24.468" errors="0" timestamp="2025-08-22T15:27:42 SGT" skipped="0">
  <testcase classname="PsslaiMerchantV3.Tests.LoginTest" name="loginValidCreds" time="24.468"/>
</testsuite> <!-- PsslaiMerchantV3.Tests.LoginTest -->
