<?xml version="1.0" encoding="UTF-8"?>
<!-- Generated by org.testng.reporters.JUnitReportReporter -->
<testsuite hostname="ORTTXN0813" failures="0" tests="1" name="PsslaiMerchantV3.Tests.DepositTest" time="6.262" errors="0" timestamp="2025-08-11T11:42:56 SGT" skipped="0">
  <testcase classname="PsslaiMerchantV3.Tests.DepositTest" name="manualDeposit" time="6.262"/>
</testsuite> <!-- PsslaiMerchantV3.Tests.DepositTest -->
