<?xml version="1.0" encoding="UTF-8"?>
<!-- Generated by org.testng.reporters.JUnitReportReporter -->
<testsuite hostname="ORTTXN0813" failures="0" tests="4" name="PsslaiMerchantV3.Tests.WithdrawalTest" time="31.573" errors="0" timestamp="2025-08-28T15:00:38 SGT" skipped="0">
  <testcase classname="PsslaiMerchantV3.Tests.WithdrawalTest" name="withdrawalInstapay" time="6.808"/>
  <testcase classname="PsslaiMerchantV3.Tests.WithdrawalTest" name="withdrawalPesonet" time="9.655"/>
  <testcase classname="PsslaiMerchantV3.Tests.WithdrawalTest" name="withdrawalPesonetLinkedAccounts" time="9.019"/>
  <testcase classname="PsslaiMerchantV3.Tests.WithdrawalTest" name="withdrawalInstapayLinkedAccounts" time="6.091"/>
</testsuite> <!-- PsslaiMerchantV3.Tests.WithdrawalTest -->
