<?xml version="1.0" encoding="UTF-8"?>
<!-- Generated by org.testng.reporters.JUnitReportReporter -->
<testsuite hostname="ORTTXN0813" failures="0" tests="1" name="PsslaiMerchantV3.Tests.LoginTest" time="4.330" errors="0" timestamp="2025-06-30T09:38:09 SGT" skipped="0">
  <testcase classname="PsslaiMerchantV3.Tests.LoginTest" name="loginValidCreds" time="4.330"/>
</testsuite> <!-- PsslaiMerchantV3.Tests.LoginTest -->
