<?xml version="1.0" encoding="UTF-8"?>
<!-- Generated by org.testng.reporters.JUnitReportReporter -->
<testsuite hostname="ORTTXN0813" failures="0" tests="1" name="PsslaiMerchantV3.Tests.MemberTest" time="6.220" errors="0" timestamp="2025-06-30T13:44:36 SGT" skipped="0">
  <testcase classname="PsslaiMerchantV3.Tests.MemberTest" name="viewMemberList" time="6.220"/>
</testsuite> <!-- PsslaiMerchantV3.Tests.MemberTest -->
