<?xml version="1.0" encoding="UTF-8"?>
<!-- Generated by org.testng.reporters.JUnitReportReporter -->
<testsuite hostname="ORTTXN0813" failures="0" tests="1" name="PsslaiMerchantV3.Tests.DisbursementTest" time="20.047" errors="0" timestamp="2025-09-15T15:37:12 SGT" skipped="0">
  <testcase classname="PsslaiMerchantV3.Tests.DisbursementTest" name="bulkDisbursementTransaction" time="20.047"/>
</testsuite> <!-- PsslaiMerchantV3.Tests.DisbursementTest -->
