<?xml version="1.0" encoding="UTF-8"?>
<!-- Generated by org.testng.reporters.JUnitReportReporter -->
<testsuite hostname="ORTTXN0813" failures="0" tests="2" name="PsslaiMerchantV3.Tests.MemberTest" time="14.933" errors="0" timestamp="2025-08-22T15:27:42 SGT" skipped="0">
  <testcase classname="PsslaiMerchantV3.Tests.MemberTest" name="viewMemberList" time="8.018"/>
  <testcase classname="PsslaiMerchantV3.Tests.MemberTest" name="downloadMemberList" time="6.915"/>
</testsuite> <!-- PsslaiMerchantV3.Tests.MemberTest -->
