<?xml version="1.0" encoding="UTF-8"?>
<!-- Generated by org.testng.reporters.JUnitReportReporter -->
<testsuite hostname="ORTTXN0813" failures="0" tests="3" name="PsslaiMerchantV3.Tests.WithdrawalTest" time="15.217" errors="0" timestamp="2025-08-19T15:26:49 SGT" skipped="0">
  <testcase classname="PsslaiMerchantV3.Tests.WithdrawalTest" name="withdrawalInstapayLinkedAccounts" time="6.384"/>
  <testcase classname="PsslaiMerchantV3.Tests.WithdrawalTest" name="withdrawalInstapay" time="7.256"/>
  <testcase classname="PsslaiMerchantV3.Tests.WithdrawalTest" name="withdrawalPesonetLinkedAccounts" time="1.577"/>
</testsuite> <!-- PsslaiMerchantV3.Tests.WithdrawalTest -->
