<?xml version="1.0" encoding="UTF-8"?>
<!-- Generated by org.testng.reporters.JUnitReportReporter -->
<testsuite hostname="ORTTXN0813" failures="0" tests="4" name="PsslaiMerchantV3.Tests.LoginTest" time="74.270" errors="0" timestamp="2025-09-16T15:49:55 SGT" skipped="0">
  <testcase classname="PsslaiMerchantV3.Tests.LoginTest" name="loginwithInvalidCreds" time="40.360"/>
  <testcase classname="PsslaiMerchantV3.Tests.LoginTest" name="loginValidCreds" time="29.104"/>
  <testcase classname="PsslaiMerchantV3.Tests.LoginTest" name="loginwithoutcredencials" time="2.462"/>
  <testcase classname="PsslaiMerchantV3.Tests.LoginTest" name="loginwithInvalidPassword" time="2.344"/>
</testsuite> <!-- PsslaiMerchantV3.Tests.LoginTest -->
