<?xml version="1.0" encoding="UTF-8"?>
<!-- Generated by org.testng.reporters.JUnitReportReporter -->
<testsuite hostname="ORTTXN0813" failures="0" tests="3" name="PsslaiMerchantV3.Tests.DepositTest" time="24.643" errors="0" timestamp="2025-08-18T15:47:39 SGT" skipped="0">
  <testcase classname="PsslaiMerchantV3.Tests.DepositTest" name="manualDeposit" time="8.506"/>
  <testcase classname="PsslaiMerchantV3.Tests.DepositTest" name="onlineDeposit" time="10.563"/>
  <testcase classname="PsslaiMerchantV3.Tests.DepositTest" name="verifyManualDepositTransaction" time="5.574"/>
</testsuite> <!-- PsslaiMerchantV3.Tests.DepositTest -->
